# JRE version: OpenJDK Runtime Environment (8.0_202-b03) (build 1.8.0_202-release-1483-b03)
# Java VM: OpenJDK 64-Bit Server VM (25.202-b03 mixed mode windows-amd64 compressed oops)
Heap:
 PSYoungGen      total 308224K, used 162717K [0x00000000e0000000, 0x00000000f6880000, 0x0000000100000000)
  eden space 251392K, 49% used [0x00000000e0000000,0x00000000e7ab87c0,0x00000000ef580000)
  from space 56832K, 65% used [0x00000000f2e80000,0x00000000f52aedd8,0x00000000f6600000)
  to   space 58368K, 0% used [0x00000000ef580000,0x00000000ef580000,0x00000000f2e80000)
 ParOldGen       total 223744K, used 65889K [0x00000000a0000000, 0x00000000ada80000, 0x00000000e0000000)
  object space 223744K, 29% used [0x00000000a0000000,0x00000000a40586a8,0x00000000ada80000)
 Metaspace       used 99156K, capacity 105514K, committed 105676K, reserved 1140736K
  class space    used 12590K, capacity 13685K, committed 13824K, reserved 1048576K
GC Heap History (10 events):
Event: 4221.934 GC heap before
{Heap before GC invocations=30 (full 4):
 PSYoungGen      total 282624K, used 282455K [0x00000000e0000000, 0x00000000f4f00000, 0x0000000100000000)
  eden space 246272K, 99% used [0x00000000e0000000,0x00000000ef0564c0,0x00000000ef080000)
  from space 36352K, 99% used [0x00000000ef080000,0x00000000f13ff8d0,0x00000000f1400000)
  to   space 44032K, 0% used [0x00000000f2400000,0x00000000f2400000,0x00000000f4f00000)
 ParOldGen       total 223744K, used 54157K [0x00000000a0000000, 0x00000000ada80000, 0x00000000e0000000)
  object space 223744K, 24% used [0x00000000a0000000,0x00000000a34e3478,0x00000000ada80000)
 Metaspace       used 97727K, capacity 102772K, committed 102988K, reserved 1138688K
  class space    used 12381K, capacity 13304K, committed 13440K, reserved 1048576K
Event: 4222.073 GC heap after
Heap after GC invocations=30 (full 4):
 PSYoungGen      total 287744K, used 44031K [0x00000000e0000000, 0x00000000f6380000, 0x0000000100000000)
  eden space 243712K, 0% used [0x00000000e0000000,0x00000000e0000000,0x00000000eee00000)
  from space 44032K, 99% used [0x00000000f2400000,0x00000000f4effd88,0x00000000f4f00000)
  to   space 55296K, 0% used [0x00000000eee00000,0x00000000eee00000,0x00000000f2400000)
 ParOldGen       total 223744K, used 64550K [0x00000000a0000000, 0x00000000ada80000, 0x00000000e0000000)
  object space 223744K, 28% used [0x00000000a0000000,0x00000000a3f09a98,0x00000000ada80000)
 Metaspace       used 97727K, capacity 102772K, committed 102988K, reserved 1138688K
  class space    used 12381K, capacity 13304K, committed 13440K, reserved 1048576K
}
Event: 4424.268 GC heap before
{Heap before GC invocations=31 (full 4):
 PSYoungGen      total 287744K, used 287743K [0x00000000e0000000, 0x00000000f6380000, 0x0000000100000000)
  eden space 243712K, 100% used [0x00000000e0000000,0x00000000eee00000,0x00000000eee00000)
  from space 44032K, 99% used [0x00000000f2400000,0x00000000f4effd88,0x00000000f4f00000)
  to   space 55296K, 0% used [0x00000000eee00000,0x00000000eee00000,0x00000000f2400000)
 ParOldGen       total 223744K, used 64550K [0x00000000a0000000, 0x00000000ada80000, 0x00000000e0000000)
  object space 223744K, 28% used [0x00000000a0000000,0x00000000a3f09a98,0x00000000ada80000)
 Metaspace       used 98638K, capacity 104844K, committed 105036K, reserved 1140736K
  class space    used 12557K, capacity 13628K, committed 13696K, reserved 1048576K
Event: 4424.350 GC heap after
Heap after GC invocations=31 (full 4):
 PSYoungGen      total 299008K, used 34007K [0x00000000e0000000, 0x00000000f6200000, 0x0000000100000000)
  eden space 243712K, 0% used [0x00000000e0000000,0x00000000e0000000,0x00000000eee00000)
  from space 55296K, 61% used [0x00000000eee00000,0x00000000f0f35ee0,0x00000000f2400000)
  to   space 56320K, 0% used [0x00000000f2b00000,0x00000000f2b00000,0x00000000f6200000)
 ParOldGen       total 223744K, used 65889K [0x00000000a0000000, 0x00000000ada80000, 0x00000000e0000000)
  object space 223744K, 29% used [0x00000000a0000000,0x00000000a40586a8,0x00000000ada80000)
 Metaspace       used 98638K, capacity 104844K, committed 105036K, reserved 1140736K
  class space    used 12557K, capacity 13628K, committed 13696K, reserved 1048576K
}
Event: 4636.138 GC heap before
{Heap before GC invocations=32 (full 4):
 PSYoungGen      total 299008K, used 276207K [0x00000000e0000000, 0x00000000f6200000, 0x0000000100000000)
  eden space 243712K, 99% used [0x00000000e0000000,0x00000000eec85e10,0x00000000eee00000)
  from space 55296K, 61% used [0x00000000eee00000,0x00000000f0f35ee0,0x00000000f2400000)
  to   space 56320K, 0% used [0x00000000f2b00000,0x00000000f2b00000,0x00000000f6200000)
 ParOldGen       total 223744K, used 65889K [0x00000000a0000000, 0x00000000ada80000, 0x00000000e0000000)
  object space 223744K, 29% used [0x00000000a0000000,0x00000000a40586a8,0x00000000ada80000)
 Metaspace       used 98798K, capacity 104918K, committed 105036K, reserved 1140736K
  class space    used 12559K, capacity 13629K, committed 13696K, reserved 1048576K
Event: 4636.208 GC heap after
Heap after GC invocations=32 (full 4):
 PSYoungGen      total 304128K, used 31347K [0x00000000e0000000, 0x00000000f6100000, 0x0000000100000000)
  eden space 248832K, 0% used [0x00000000e0000000,0x00000000e0000000,0x00000000ef300000)
  from space 55296K, 56% used [0x00000000f2b00000,0x00000000f499cda8,0x00000000f6100000)
  to   space 56320K, 0% used [0x00000000ef300000,0x00000000ef300000,0x00000000f2a00000)
 ParOldGen       total 223744K, used 65889K [0x00000000a0000000, 0x00000000ada80000, 0x00000000e0000000)
  object space 223744K, 29% used [0x00000000a0000000,0x00000000a40586a8,0x00000000ada80000)
 Metaspace       used 98798K, capacity 104918K, committed 105036K, reserved 1140736K
  class space    used 12559K, capacity 13629K, committed 13696K, reserved 1048576K
}
Event: 4821.905 GC heap before
{Heap before GC invocations=33 (full 4):
 PSYoungGen      total 304128K, used 280179K [0x00000000e0000000, 0x00000000f6100000, 0x0000000100000000)
  eden space 248832K, 100% used [0x00000000e0000000,0x00000000ef300000,0x00000000ef300000)
  from space 55296K, 56% used [0x00000000f2b00000,0x00000000f499cda8,0x00000000f6100000)
  to   space 56320K, 0% used [0x00000000ef300000,0x00000000ef300000,0x00000000f2a00000)
 ParOldGen       total 223744K, used 65889K [0x00000000a0000000, 0x00000000ada80000, 0x00000000e0000000)
  object space 223744K, 29% used [0x00000000a0000000,0x00000000a40586a8,0x00000000ada80000)
 Metaspace       used 98979K, capacity 105388K, committed 105676K, reserved 1140736K
  class space    used 12578K, capacity 13664K, committed 13824K, reserved 1048576K
Event: 4821.972 GC heap after
Heap after GC invocations=33 (full 4):
 PSYoungGen      total 305152K, used 34318K [0x00000000e0000000, 0x00000000f6600000, 0x0000000100000000)
  eden space 248832K, 0% used [0x00000000e0000000,0x00000000e0000000,0x00000000ef300000)
  from space 56320K, 60% used [0x00000000ef300000,0x00000000f1483940,0x00000000f2a00000)
  to   space 56832K, 0% used [0x00000000f2e80000,0x00000000f2e80000,0x00000000f6600000)
 ParOldGen       total 223744K, used 65889K [0x00000000a0000000, 0x00000000ada80000, 0x00000000e0000000)
  object space 223744K, 29% used [0x00000000a0000000,0x00000000a40586a8,0x00000000ada80000)
 Metaspace       used 98979K, capacity 105388K, committed 105676K, reserved 1140736K
  class space    used 12578K, capacity 13664K, committed 13824K, reserved 1048576K
}
Event: 5122.883 GC heap before
{Heap before GC invocations=34 (full 4):
 PSYoungGen      total 305152K, used 281681K [0x00000000e0000000, 0x00000000f6600000, 0x0000000100000000)
  eden space 248832K, 99% used [0x00000000e0000000,0x00000000ef190c20,0x00000000ef300000)
  from space 56320K, 60% used [0x00000000ef300000,0x00000000f1483940,0x00000000f2a00000)
  to   space 56832K, 0% used [0x00000000f2e80000,0x00000000f2e80000,0x00000000f6600000)
 ParOldGen       total 223744K, used 65889K [0x00000000a0000000, 0x00000000ada80000, 0x00000000e0000000)
  object space 223744K, 29% used [0x00000000a0000000,0x00000000a40586a8,0x00000000ada80000)
 Metaspace       used 99135K, capacity 105514K, committed 105676K, reserved 1140736K
  class space    used 12590K, capacity 13685K, committed 13824K, reserved 1048576K
Event: 5122.956 GC heap after
Heap after GC invocations=34 (full 4):
 PSYoungGen      total 308224K, used 37051K [0x00000000e0000000, 0x00000000f6880000, 0x0000000100000000)
  eden space 251392K, 0% used [0x00000000e0000000,0x00000000e0000000,0x00000000ef580000)
  from space 56832K, 65% used [0x00000000f2e80000,0x00000000f52aedd8,0x00000000f6600000)
  to   space 58368K, 0% used [0x00000000ef580000,0x00000000ef580000,0x00000000f2e80000)
 ParOldGen       total 223744K, used 65889K [0x00000000a0000000, 0x00000000ada80000, 0x00000000e0000000)
  object space 223744K, 29% used [0x00000000a0000000,0x00000000a40586a8,0x00000000ada80000)
 Metaspace       used 99135K, capacity 105514K, committed 105676K, reserved 1140736K
  class space    used 12590K, capacity 13685K, committed 13824K, reserved 1048576K
}

